2025-07-05 12:26:45,407 - INFO - Starting alignment preparation...
2025-07-05 12:26:45,407 - ERROR - Error preparing alignment: [Errno 2] No such file or directory: 'data/TP53_HUMAN.fasta'
2025-07-05 12:26:45,407 - ERROR - Error in main preparation: [Errno 2] No such file or directory: 'data/TP53_HUMAN.fasta'
2025-07-05 12:27:35,653 - INFO - Starting alignment preparation...
2025-07-05 12:27:35,653 - ERROR - Error preparing alignment: [Errno 2] No such file or directory: 'TP53_HUMAN_datasets/ncbi_dataset/data/TP53_HUMAN.fasta'
2025-07-05 12:27:35,653 - ERROR - Error in main preparation: [Errno 2] No such file or directory: 'TP53_HUMAN_datasets/ncbi_dataset/data/TP53_HUMAN.fasta'
2025-07-05 12:42:41,399 - INFO - Starting alignment preparation...
2025-07-05 12:42:41,400 - ERROR - Error preparing alignment: More than one record found in handle
2025-07-05 12:42:41,400 - ERROR - Error in main preparation: More than one record found in handle
2025-07-05 12:46:10,030 - INFO - Starting alignment preparation...
2025-07-05 12:46:10,032 - ERROR - Error preparing alignment: Sequences must all be the same length
2025-07-05 12:46:10,032 - ERROR - Error in main preparation: Sequences must all be the same length
2025-07-05 12:47:13,517 - INFO - Starting alignment preparation...
2025-07-05 12:47:16,630 - ERROR - Error preparing alignment: name 'SeqRecord' is not defined
2025-07-05 12:47:16,631 - ERROR - Error in main preparation: name 'SeqRecord' is not defined
2025-07-05 12:47:32,765 - INFO - Starting alignment preparation...
2025-07-05 12:47:35,991 - INFO - Alignment written to data/tp53_alignment.phy
2025-07-05 12:47:36,003 - INFO - Starting tree construction...
2025-07-05 12:47:36,003 - ERROR - Error creating tree: Must provide a DistanceCalculator object.
2025-07-05 12:47:36,003 - ERROR - Error in main preparation: Must provide a DistanceCalculator object.
2025-07-05 12:47:54,413 - INFO - Starting alignment preparation...
2025-07-05 12:47:57,590 - INFO - Alignment written to data/tp53_alignment.phy
2025-07-05 12:47:57,601 - INFO - Starting tree construction...
2025-07-05 12:47:57,602 - ERROR - Error creating tree: name 'DistanceCalculator' is not defined
2025-07-05 12:47:57,602 - ERROR - Error in main preparation: name 'DistanceCalculator' is not defined
2025-07-05 12:48:09,331 - INFO - Starting alignment preparation...
2025-07-05 12:48:12,492 - INFO - Alignment written to data/tp53_alignment.phy
2025-07-05 12:48:12,507 - INFO - Starting tree construction...
2025-07-05 12:48:12,509 - INFO - Tree written to results/tree/tree.nwk
2025-07-05 12:48:12,509 - INFO - Preparation completed successfully
