2025-07-05 11:20:40,373 - INFO - Fetching AlphaFold structures...
2025-07-05 11:20:42,902 - INFO - Comparing full structures...
2025-07-05 11:20:42,906 - ERROR - Error in structure comparison: view.png() takes 1 positional argument but 4 were given
2025-07-05 11:20:42,906 - ERROR - Error in main analysis: view.png() takes 1 positional argument but 4 were given
2025-07-05 11:21:19,434 - INFO - Fetching AlphaFold structures...
2025-07-05 11:21:21,539 - INFO - Comparing full structures...
2025-07-05 11:21:21,567 - ERROR - Error in structure comparison: view.png() takes 1 positional argument but 2 were given
2025-07-05 11:21:21,568 - ERROR - Error in main analysis: view.png() takes 1 positional argument but 2 were given
2025-07-05 11:21:53,348 - INFO - Fetching AlphaFold structures...
2025-07-05 11:21:54,144 - INFO - Comparing full structures...
2025-07-05 11:21:54,164 - ERROR - Error in structure comparison: view.png() takes 1 positional argument but 3 were given
2025-07-05 11:21:54,164 - ERROR - Error in main analysis: view.png() takes 1 positional argument but 3 were given
2025-07-05 11:22:31,627 - INFO - Fetching AlphaFold structures...
2025-07-05 11:22:32,436 - INFO - Comparing full structures...
2025-07-05 11:22:32,440 - ERROR - Error in structure comparison: view.png() takes 1 positional argument but 2 were given
2025-07-05 11:22:32,440 - ERROR - Error in main analysis: view.png() takes 1 positional argument but 2 were given
2025-07-05 11:24:34,501 - INFO - Fetching AlphaFold structures...
2025-07-05 11:24:35,247 - INFO - Comparing full structures...
2025-07-05 11:24:35,271 - ERROR - Error in structure comparison: view.png() takes 1 positional argument but 2 were given
2025-07-05 11:24:35,271 - ERROR - Error in main analysis: view.png() takes 1 positional argument but 2 were given
2025-07-05 11:26:57,187 - INFO - Fetching AlphaFold structures...
2025-07-05 11:26:57,968 - INFO - Comparing full structures...
2025-07-05 11:26:57,999 - INFO - Structures fetched successfully
2025-07-05 11:26:57,999 - ERROR - Error in structure comparison: name 'rmsd' is not defined
2025-07-05 11:26:57,999 - ERROR - Error in main analysis: name 'rmsd' is not defined
2025-07-05 11:28:13,577 - INFO - Fetching AlphaFold structures...
2025-07-05 11:28:14,428 - INFO - Comparing full structures...
2025-07-05 11:28:14,457 - INFO - Structures fetched successfully
2025-07-05 11:28:14,457 - INFO - Saved full structure comparison to /Users/apple/Documents/GitHub/TP53-Evolutionary-Analysis/results/structure_analysis/structure_comparison.png
2025-07-05 11:28:14,458 - INFO - Analyzing C-terminal domain...
2025-07-05 11:28:14,461 - INFO - Saved C-terminal domain comparison to /Users/apple/Documents/GitHub/TP53-Evolutionary-Analysis/results/structure_analysis/ctd_structure_comparison.png
2025-07-05 11:28:14,461 - ERROR - Error in main analysis: name 'json' is not defined
2025-07-05 11:30:38,234 - INFO - Fetching AlphaFold structures...
2025-07-05 11:30:39,054 - INFO - Comparing full structures...
2025-07-05 11:30:39,070 - INFO - Structures fetched successfully
2025-07-05 11:30:39,070 - INFO - Saved full structure comparison to /Users/apple/Documents/GitHub/TP53-Evolutionary-Analysis/results/structure_analysis/structure_comparison.png
2025-07-05 11:30:39,070 - INFO - Analyzing C-terminal domain...
2025-07-05 11:30:39,072 - INFO - Saved C-terminal domain comparison to /Users/apple/Documents/GitHub/TP53-Evolutionary-Analysis/results/structure_analysis/ctd_structure_comparison.png
2025-07-05 11:30:39,073 - INFO - Structure analysis completed successfully
2025-07-05 11:35:12,495 - INFO - Fetching AlphaFold structures...
2025-07-05 11:35:13,165 - INFO - Comparing full structures...
2025-07-05 11:35:13,789 - INFO - Structures fetched successfully
2025-07-05 11:35:13,790 - INFO - Saved full structure comparison to /Users/apple/Documents/GitHub/TP53-Evolutionary-Analysis/results/structure_analysis/structure_comparison.png
2025-07-05 11:35:13,790 - INFO - Analyzing C-terminal domain...
2025-07-05 11:35:14,031 - INFO - Saved C-terminal domain comparison to /Users/apple/Documents/GitHub/TP53-Evolutionary-Analysis/results/structure_analysis/ctd_structure_comparison.png
2025-07-05 11:35:14,032 - INFO - Structure analysis completed successfully
